  G:\Documenti\GoogleDrive\D3DGraphicsProgramming\D3D11Projects\D3DEngine\build\..\content\Fonts\Arial_11_Regular.spritefont
  G:\Documenti\GoogleDrive\D3DGraphicsProgramming\D3D11Projects\D3DEngine\build\..\content\Fonts\Arial_14_Regular.spritefont
  G:\Documenti\GoogleDrive\D3DGraphicsProgramming\D3D11Projects\D3DEngine\build\..\content\Shaders\BasicPS.hlsl
  G:\Documenti\GoogleDrive\D3DGraphicsProgramming\D3D11Projects\D3DEngine\build\..\content\Shaders\BasicVS.hlsl
  G:\Documenti\GoogleDrive\D3DGraphicsProgramming\D3D11Projects\D3DEngine\build\..\content\Shaders\DoorNoLightPS.hlsl
  G:\Documenti\GoogleDrive\D3DGraphicsProgramming\D3D11Projects\D3DEngine\build\..\content\Shaders\DoorNoLightVS.hlsl
  G:\Documenti\GoogleDrive\D3DGraphicsProgramming\D3D11Projects\D3DEngine\build\..\content\Shaders\SceneLightPS.hlsl
  G:\Documenti\GoogleDrive\D3DGraphicsProgramming\D3D11Projects\D3DEngine\build\..\content\Shaders\SceneLightVS.hlsl
  G:\Documenti\GoogleDrive\D3DGraphicsProgramming\D3D11Projects\D3DEngine\build\..\content\Shaders\SceneNoLightPS.hlsl
  G:\Documenti\GoogleDrive\D3DGraphicsProgramming\D3D11Projects\D3DEngine\build\..\content\Shaders\SceneNoLightVS.hlsl
  G:\Documenti\GoogleDrive\D3DGraphicsProgramming\D3D11Projects\D3DEngine\build\..\content\Shaders\SkyboxPS.hlsl
  G:\Documenti\GoogleDrive\D3DGraphicsProgramming\D3D11Projects\D3DEngine\build\..\content\Shaders\SkyboxVS.hlsl
  G:\Documenti\GoogleDrive\D3DGraphicsProgramming\D3D11Projects\D3DEngine\build\..\content\Textures\Checkerboard.png
  G:\Documenti\GoogleDrive\D3DGraphicsProgramming\D3D11Projects\D3DEngine\build\..\content\Textures\dev_crate_wall2.dds
  G:\Documenti\GoogleDrive\D3DGraphicsProgramming\D3D11Projects\D3DEngine\build\..\content\Textures\dev_crate_wall2.jpg
  G:\Documenti\GoogleDrive\D3DGraphicsProgramming\D3D11Projects\D3DEngine\build\..\content\Textures\Maskonaive2_1024.dds
  G:\Documenti\GoogleDrive\D3DGraphicsProgramming\D3D11Projects\D3DEngine\build\..\content\Textures\snowcube1024.dds
  17 File(s) copied
  G:\Documenti\GoogleDrive\D3DGraphicsProgramming\D3D11Projects\D3DEngine\source\Application\Content\Textures\cable2.bmp
  G:\Documenti\GoogleDrive\D3DGraphicsProgramming\D3D11Projects\D3DEngine\source\Application\Content\Textures\cable2.dds
  G:\Documenti\GoogleDrive\D3DGraphicsProgramming\D3D11Projects\D3DEngine\source\Application\Content\Textures\cable2Normal.dds
  G:\Documenti\GoogleDrive\D3DGraphicsProgramming\D3D11Projects\D3DEngine\source\Application\Content\Textures\panel.bmp
  G:\Documenti\GoogleDrive\D3DGraphicsProgramming\D3D11Projects\D3DEngine\source\Application\Content\Textures\panel.dds
  G:\Documenti\GoogleDrive\D3DGraphicsProgramming\D3D11Projects\D3DEngine\source\Application\Content\Textures\panel2.bmp
  G:\Documenti\GoogleDrive\D3DGraphicsProgramming\D3D11Projects\D3DEngine\source\Application\Content\Textures\panel2.dds
  G:\Documenti\GoogleDrive\D3DGraphicsProgramming\D3D11Projects\D3DEngine\source\Application\Content\Textures\panel2Normal.dds
  G:\Documenti\GoogleDrive\D3DGraphicsProgramming\D3D11Projects\D3DEngine\source\Application\Content\Textures\panelNormal.dds
  G:\Documenti\GoogleDrive\D3DGraphicsProgramming\D3D11Projects\D3DEngine\source\Application\Content\Textures\panel_normal.bmp
  G:\Documenti\GoogleDrive\D3DGraphicsProgramming\D3D11Projects\D3DEngine\source\Application\Content\Textures\wall_plate2.bmp
  G:\Documenti\GoogleDrive\D3DGraphicsProgramming\D3D11Projects\D3DEngine\source\Application\Content\Textures\wall_plate2.dds
  G:\Documenti\GoogleDrive\D3DGraphicsProgramming\D3D11Projects\D3DEngine\source\Application\Content\Textures\wall_plate2Normal.dds
  13 File(s) copied
  D3DGame.cpp
  Generating code
  Finished generating code
  Application.vcxproj -> G:\Documenti\GoogleDrive\D3DGraphicsProgramming\D3D11Projects\D3DEngine\build\x64\Release\Application.exe
  Application.vcxproj -> G:\Documenti\GoogleDrive\D3DGraphicsProgramming\D3D11Projects\D3DEngine\build\x64\Release\Application.pdb (Full PDB)
