Image.obj : error LNK2001: unresolved external symbol png_destroy_write_struct
Image.obj : error LNK2001: unresolved external symbol jpeg_CreateDecompress
Image.obj : error LNK2001: unresolved external symbol png_check_sig
Image.obj : error LNK2001: unresolved external symbol jpeg_destroy_decompress
Image.obj : error LNK2001: unresolved external symbol jpeg_read_header
Image.obj : error LNK2001: unresolved external symbol jpeg_start_decompress
Image.obj : error LNK2001: unresolved external symbol png_read_image
Image.obj : error LNK2001: unresolved external symbol png_get_io_ptr
Image.obj : error LNK2001: unresolved external symbol jpeg_set_quality
Image.obj : error LNK2001: unresolved external symbol png_write_info
Image.obj : error LNK2001: unresolved external symbol png_set_read_fn
Image.obj : error LNK2001: unresolved external symbol jpeg_CreateCompress
Image.obj : error LNK2001: unresolved external symbol png_create_read_struct_2
Image.obj : error LNK2001: unresolved external symbol jpeg_stdio_src
Image.obj : error LNK2001: unresolved external symbol jpeg_finish_decompress
Image.obj : error LNK2001: unresolved external symbol png_write_row
Image.obj : error LNK2001: unresolved external symbol jpeg_std_error
Image.obj : error LNK2001: unresolved external symbol png_read_info
Image.obj : error LNK2001: unresolved external symbol jpeg_stdio_dest
Image.obj : error LNK2001: unresolved external symbol png_set_sig_bytes
Image.obj : error LNK2001: unresolved external symbol jpeg_destroy_compress
Image.obj : error LNK2001: unresolved external symbol png_get_channels
Image.obj : error LNK2001: unresolved external symbol jpeg_set_defaults
Image.obj : error LNK2001: unresolved external symbol png_destroy_read_struct
Image.obj : error LNK2001: unresolved external symbol png_set_IHDR
Image.obj : error LNK2001: unresolved external symbol png_read_end
Image.obj : error LNK2001: unresolved external symbol jpeg_read_scanlines
Image.obj : error LNK2001: unresolved external symbol png_set_write_fn
Image.obj : error LNK2001: unresolved external symbol jpeg_finish_compress
Image.obj : error LNK2001: unresolved external symbol png_get_PLTE
Image.obj : error LNK2001: unresolved external symbol png_create_info_struct
Image.obj : error LNK2001: unresolved external symbol png_get_IHDR
Image.obj : error LNK2001: unresolved external symbol jpeg_write_scanlines
Image.obj : error LNK2001: unresolved external symbol png_write_end
Image.obj : error LNK2001: unresolved external symbol jpeg_start_compress
Image.obj : error LNK2001: unresolved external symbol png_create_write_struct_2
G:\Documenti\GoogleDrive\D3DGraphicsProgramming\D3D11Projects\D3DEngine\build\x64\Release\LightMapper.exe : fatal error LNK1120: 36 unresolved externals
