g:\documenti\googledrive\d3dgraphicsprogramming\d3d11projects\d3dengine\source\bsp_pvs_compiler\debug\vc140.pdb
g:\documenti\googledrive\d3dgraphicsprogramming\d3d11projects\d3dengine\source\bsp_pvs_compiler\debug\vc140.idb
g:\documenti\googledrive\d3dgraphicsprogramming\d3d11projects\d3dengine\source\bsp_pvs_compiler\debug\cbsptree.obj
g:\documenti\googledrive\d3dgraphicsprogramming\d3d11projects\d3dengine\source\bsp_pvs_compiler\debug\clevelfile.obj
g:\documenti\googledrive\d3dgraphicsprogramming\d3d11projects\d3dengine\source\bsp_pvs_compiler\debug\compilertypes.obj
g:\documenti\googledrive\d3dgraphicsprogramming\d3d11projects\d3dengine\source\bsp_pvs_compiler\debug\processesr.obj
g:\documenti\googledrive\d3dgraphicsprogramming\d3d11projects\d3dengine\source\bsp_pvs_compiler\debug\processhsr.obj
g:\documenti\googledrive\d3dgraphicsprogramming\d3d11projects\d3dengine\source\bsp_pvs_compiler\debug\processprt.obj
g:\documenti\googledrive\d3dgraphicsprogramming\d3d11projects\d3dengine\source\bsp_pvs_compiler\debug\processpvs.obj
g:\documenti\googledrive\d3dgraphicsprogramming\d3d11projects\d3dengine\source\bsp_pvs_compiler\debug\processtjr.obj
g:\documenti\googledrive\d3dgraphicsprogramming\d3d11projects\d3dengine\source\bsp_pvs_compiler\debug\bsp.obj
g:\documenti\googledrive\d3dgraphicsprogramming\d3d11projects\d3dengine\source\bsp_pvs_compiler\debug\platform.obj
g:\documenti\googledrive\d3dgraphicsprogramming\d3d11projects\d3dengine\source\bsp_pvs_compiler\debug\texturepacker.obj
g:\documenti\googledrive\d3dgraphicsprogramming\d3d11projects\d3dengine\source\bsp_pvs_compiler\debug\vector.obj
g:\documenti\googledrive\d3dgraphicsprogramming\d3d11projects\d3dengine\source\bsp_pvs_compiler\debug\parsermapfile.obj
g:\documenti\googledrive\d3dgraphicsprogramming\d3d11projects\d3dengine\source\bsp_pvs_compiler\debug\parserstructures.obj
g:\documenti\googledrive\d3dgraphicsprogramming\d3d11projects\d3dengine\source\bsp_pvs_compiler\debug\wad3.obj
g:\documenti\googledrive\d3dgraphicsprogramming\d3d11projects\d3dengine\source\bsp_pvs_compiler\debug\cbounds.obj
g:\documenti\googledrive\d3dgraphicsprogramming\d3d11projects\d3dengine\source\bsp_pvs_compiler\debug\cmatrix.obj
g:\documenti\googledrive\d3dgraphicsprogramming\d3d11projects\d3dengine\source\bsp_pvs_compiler\debug\cplane.obj
g:\documenti\googledrive\d3dgraphicsprogramming\d3d11projects\d3dengine\source\bsp_pvs_compiler\debug\cvector.obj
g:\documenti\googledrive\d3dgraphicsprogramming\d3d11projects\d3dengine\source\bsp_pvs_compiler\debug\logoutput.obj
g:\documenti\googledrive\d3dgraphicsprogramming\d3d11projects\d3dengine\source\bsp_pvs_compiler\debug\main.obj
g:\documenti\googledrive\d3dgraphicsprogramming\d3d11projects\d3dengine\source\bsp_pvs_compiler\debug\ccompiler.obj
g:\documenti\googledrive\d3dgraphicsprogramming\d3d11projects\d3dengine\source\bsp_pvs_compiler\debug\image.obj
g:\documenti\googledrive\d3dgraphicsprogramming\d3d11projects\d3dengine\build\debug\bsp_pvs_compiler.ilk
g:\documenti\googledrive\d3dgraphicsprogramming\d3d11projects\d3dengine\build\debug\bsp_pvs_compiler.exe
g:\documenti\googledrive\d3dgraphicsprogramming\d3d11projects\d3dengine\build\debug\bsp_pvs_compiler.pdb
g:\documenti\googledrive\d3dgraphicsprogramming\d3d11projects\d3dengine\source\bsp_pvs_compiler\debug\bsp_pvs_compiler.tlog\cl.command.1.tlog
g:\documenti\googledrive\d3dgraphicsprogramming\d3d11projects\d3dengine\source\bsp_pvs_compiler\debug\bsp_pvs_compiler.tlog\cl.read.1.tlog
g:\documenti\googledrive\d3dgraphicsprogramming\d3d11projects\d3dengine\source\bsp_pvs_compiler\debug\bsp_pvs_compiler.tlog\cl.write.1.tlog
g:\documenti\googledrive\d3dgraphicsprogramming\d3d11projects\d3dengine\source\bsp_pvs_compiler\debug\bsp_pvs_compiler.tlog\link.command.1.tlog
g:\documenti\googledrive\d3dgraphicsprogramming\d3d11projects\d3dengine\source\bsp_pvs_compiler\debug\bsp_pvs_compiler.tlog\link.read.1.tlog
g:\documenti\googledrive\d3dgraphicsprogramming\d3d11projects\d3dengine\source\bsp_pvs_compiler\debug\bsp_pvs_compiler.tlog\link.write.1.tlog
