  LogOutput.cpp
Application Source\LogOutput.cpp(119): warning C4267: '=': conversion from 'size_t' to 'unsigned long', possible loss of data
Application Source\LogOutput.cpp(237): warning C4996: 'strcpy': This function or variable may be unsafe. Consider using strcpy_s instead. To disable deprecation, use _CRT_SECURE_NO_WARNINGS. See online help for details.
  C:\Program Files (x86)\Windows Kits\10\Include\10.0.10240.0\ucrt\string.h(119): note: see declaration of 'strcpy'
Application Source\LogOutput.cpp(238): warning C4996: 'strcat': This function or variable may be unsafe. Consider using strcat_s instead. To disable deprecation, use _CRT_SECURE_NO_WARNINGS. See online help for details.
  C:\Program Files (x86)\Windows Kits\10\Include\10.0.10240.0\ucrt\string.h(90): note: see declaration of 'strcat'
Application Source\LogOutput.cpp(241): warning C4267: 'initializing': conversion from 'size_t' to 'ULONG', possible loss of data
Application Source\LogOutput.cpp(242): warning C4267: '+=': conversion from 'size_t' to 'ULONG', possible loss of data
Application Source\LogOutput.cpp(253): warning C4996: 'strcpy': This function or variable may be unsafe. Consider using strcpy_s instead. To disable deprecation, use _CRT_SECURE_NO_WARNINGS. See online help for details.
  C:\Program Files (x86)\Windows Kits\10\Include\10.0.10240.0\ucrt\string.h(119): note: see declaration of 'strcpy'
Application Source\LogOutput.cpp(261): warning C4996: 'strcat': This function or variable may be unsafe. Consider using strcat_s instead. To disable deprecation, use _CRT_SECURE_NO_WARNINGS. See online help for details.
  C:\Program Files (x86)\Windows Kits\10\Include\10.0.10240.0\ucrt\string.h(90): note: see declaration of 'strcat'
Application Source\LogOutput.cpp(232): warning C4996: 'vsprintf': This function or variable may be unsafe. Consider using vsprintf_s instead. To disable deprecation, use _CRT_SECURE_NO_WARNINGS. See online help for details.
  C:\Program Files (x86)\Windows Kits\10\Include\10.0.10240.0\ucrt\stdio.h(1465): note: see declaration of 'vsprintf'
  Main.cpp
Application Source\Main.cpp(63): warning C4996: 'strcpy': This function or variable may be unsafe. Consider using strcpy_s instead. To disable deprecation, use _CRT_SECURE_NO_WARNINGS. See online help for details.
  C:\Program Files (x86)\Windows Kits\10\Include\10.0.10240.0\ucrt\string.h(119): note: see declaration of 'strcpy'
Application Source\Main.cpp(98): warning C4996: 'strcpy': This function or variable may be unsafe. Consider using strcpy_s instead. To disable deprecation, use _CRT_SECURE_NO_WARNINGS. See online help for details.
  C:\Program Files (x86)\Windows Kits\10\Include\10.0.10240.0\ucrt\string.h(119): note: see declaration of 'strcpy'
Application Source\Main.cpp(37): warning C4996: 'freopen': This function or variable may be unsafe. Consider using freopen_s instead. To disable deprecation, use _CRT_SECURE_NO_WARNINGS. See online help for details.
  C:\Program Files (x86)\Windows Kits\10\Include\10.0.10240.0\ucrt\stdio.h(240): note: see declaration of 'freopen'
  CBSPTree.cpp
g:\documenti\googledrive\d3dgraphicsprogramming\d3d11projects\d3dengine\source\bsp_pvs_compiler\compiler source\CBSPTree.h(183): warning C4267: 'return': conversion from 'size_t' to 'unsigned long', possible loss of data
g:\documenti\googledrive\d3dgraphicsprogramming\d3d11projects\d3dengine\source\bsp_pvs_compiler\compiler source\CBSPTree.h(184): warning C4267: 'return': conversion from 'size_t' to 'unsigned long', possible loss of data
g:\documenti\googledrive\d3dgraphicsprogramming\d3d11projects\d3dengine\source\bsp_pvs_compiler\compiler source\CBSPTree.h(185): warning C4267: 'return': conversion from 'size_t' to 'unsigned long', possible loss of data
g:\documenti\googledrive\d3dgraphicsprogramming\d3d11projects\d3dengine\source\bsp_pvs_compiler\compiler source\CBSPTree.h(186): warning C4267: 'return': conversion from 'size_t' to 'unsigned long', possible loss of data
g:\documenti\googledrive\d3dgraphicsprogramming\d3d11projects\d3dengine\source\bsp_pvs_compiler\compiler source\CBSPTree.h(187): warning C4267: 'return': conversion from 'size_t' to 'unsigned long', possible loss of data
  CCompiler.cpp
g:\documenti\googledrive\d3dgraphicsprogramming\d3d11projects\d3dengine\source\bsp_pvs_compiler\compiler source\CBSPTree.h(183): warning C4267: 'return': conversion from 'size_t' to 'unsigned long', possible loss of data
g:\documenti\googledrive\d3dgraphicsprogramming\d3d11projects\d3dengine\source\bsp_pvs_compiler\compiler source\CBSPTree.h(184): warning C4267: 'return': conversion from 'size_t' to 'unsigned long', possible loss of data
g:\documenti\googledrive\d3dgraphicsprogramming\d3d11projects\d3dengine\source\bsp_pvs_compiler\compiler source\CBSPTree.h(185): warning C4267: 'return': conversion from 'size_t' to 'unsigned long', possible loss of data
g:\documenti\googledrive\d3dgraphicsprogramming\d3d11projects\d3dengine\source\bsp_pvs_compiler\compiler source\CBSPTree.h(186): warning C4267: 'return': conversion from 'size_t' to 'unsigned long', possible loss of data
g:\documenti\googledrive\d3dgraphicsprogramming\d3d11projects\d3dengine\source\bsp_pvs_compiler\compiler source\CBSPTree.h(187): warning C4267: 'return': conversion from 'size_t' to 'unsigned long', possible loss of data
  CLevelFile.cpp
g:\documenti\googledrive\d3dgraphicsprogramming\d3d11projects\d3dengine\source\bsp_pvs_compiler\compiler source\CBSPTree.h(183): warning C4267: 'return': conversion from 'size_t' to 'unsigned long', possible loss of data
g:\documenti\googledrive\d3dgraphicsprogramming\d3d11projects\d3dengine\source\bsp_pvs_compiler\compiler source\CBSPTree.h(184): warning C4267: 'return': conversion from 'size_t' to 'unsigned long', possible loss of data
g:\documenti\googledrive\d3dgraphicsprogramming\d3d11projects\d3dengine\source\bsp_pvs_compiler\compiler source\CBSPTree.h(185): warning C4267: 'return': conversion from 'size_t' to 'unsigned long', possible loss of data
g:\documenti\googledrive\d3dgraphicsprogramming\d3d11projects\d3dengine\source\bsp_pvs_compiler\compiler source\CBSPTree.h(186): warning C4267: 'return': conversion from 'size_t' to 'unsigned long', possible loss of data
g:\documenti\googledrive\d3dgraphicsprogramming\d3d11projects\d3dengine\source\bsp_pvs_compiler\compiler source\CBSPTree.h(187): warning C4267: 'return': conversion from 'size_t' to 'unsigned long', possible loss of data
Compiler Source\CLevelFile.cpp(38): warning C4996: 'fopen': This function or variable may be unsafe. Consider using fopen_s instead. To disable deprecation, use _CRT_SECURE_NO_WARNINGS. See online help for details.
  C:\Program Files (x86)\Windows Kits\10\Include\10.0.10240.0\ucrt\stdio.h(205): note: see declaration of 'fopen'
Compiler Source\CLevelFile.cpp(206): warning C4267: 'initializing': conversion from 'size_t' to 'uint32_t', possible loss of data
Compiler Source\CLevelFile.cpp(207): warning C4267: 'initializing': conversion from 'size_t' to 'uint32_t', possible loss of data
  CompilerTypes.cpp
g:\documenti\googledrive\d3dgraphicsprogramming\d3d11projects\d3dengine\source\bsp_pvs_compiler\compiler source\..\\Compiler Source\\CBSPTree.h(183): warning C4267: 'return': conversion from 'size_t' to 'unsigned long', possible loss of data
g:\documenti\googledrive\d3dgraphicsprogramming\d3d11projects\d3dengine\source\bsp_pvs_compiler\compiler source\..\\Compiler Source\\CBSPTree.h(184): warning C4267: 'return': conversion from 'size_t' to 'unsigned long', possible loss of data
g:\documenti\googledrive\d3dgraphicsprogramming\d3d11projects\d3dengine\source\bsp_pvs_compiler\compiler source\..\\Compiler Source\\CBSPTree.h(185): warning C4267: 'return': conversion from 'size_t' to 'unsigned long', possible loss of data
g:\documenti\googledrive\d3dgraphicsprogramming\d3d11projects\d3dengine\source\bsp_pvs_compiler\compiler source\..\\Compiler Source\\CBSPTree.h(186): warning C4267: 'return': conversion from 'size_t' to 'unsigned long', possible loss of data
g:\documenti\googledrive\d3dgraphicsprogramming\d3d11projects\d3dengine\source\bsp_pvs_compiler\compiler source\..\\Compiler Source\\CBSPTree.h(187): warning C4267: 'return': conversion from 'size_t' to 'unsigned long', possible loss of data
  ProcessESR.cpp
  ProcessHSR.cpp
g:\documenti\googledrive\d3dgraphicsprogramming\d3d11projects\d3dengine\source\bsp_pvs_compiler\compiler source\CBSPTree.h(183): warning C4267: 'return': conversion from 'size_t' to 'unsigned long', possible loss of data
g:\documenti\googledrive\d3dgraphicsprogramming\d3d11projects\d3dengine\source\bsp_pvs_compiler\compiler source\CBSPTree.h(184): warning C4267: 'return': conversion from 'size_t' to 'unsigned long', possible loss of data
g:\documenti\googledrive\d3dgraphicsprogramming\d3d11projects\d3dengine\source\bsp_pvs_compiler\compiler source\CBSPTree.h(185): warning C4267: 'return': conversion from 'size_t' to 'unsigned long', possible loss of data
g:\documenti\googledrive\d3dgraphicsprogramming\d3d11projects\d3dengine\source\bsp_pvs_compiler\compiler source\CBSPTree.h(186): warning C4267: 'return': conversion from 'size_t' to 'unsigned long', possible loss of data
g:\documenti\googledrive\d3dgraphicsprogramming\d3d11projects\d3dengine\source\bsp_pvs_compiler\compiler source\CBSPTree.h(187): warning C4267: 'return': conversion from 'size_t' to 'unsigned long', possible loss of data
Compiler Source\ProcessHSR.cpp(98): warning C4267: 'initializing': conversion from 'size_t' to 'long', possible loss of data
  ProcessPRT.cpp
g:\documenti\googledrive\d3dgraphicsprogramming\d3d11projects\d3dengine\source\bsp_pvs_compiler\compiler source\CBSPTree.h(183): warning C4267: 'return': conversion from 'size_t' to 'unsigned long', possible loss of data
g:\documenti\googledrive\d3dgraphicsprogramming\d3d11projects\d3dengine\source\bsp_pvs_compiler\compiler source\CBSPTree.h(184): warning C4267: 'return': conversion from 'size_t' to 'unsigned long', possible loss of data
g:\documenti\googledrive\d3dgraphicsprogramming\d3d11projects\d3dengine\source\bsp_pvs_compiler\compiler source\CBSPTree.h(185): warning C4267: 'return': conversion from 'size_t' to 'unsigned long', possible loss of data
g:\documenti\googledrive\d3dgraphicsprogramming\d3d11projects\d3dengine\source\bsp_pvs_compiler\compiler source\CBSPTree.h(186): warning C4267: 'return': conversion from 'size_t' to 'unsigned long', possible loss of data
g:\documenti\googledrive\d3dgraphicsprogramming\d3d11projects\d3dengine\source\bsp_pvs_compiler\compiler source\CBSPTree.h(187): warning C4267: 'return': conversion from 'size_t' to 'unsigned long', possible loss of data
  ProcessPVS.cpp
g:\documenti\googledrive\d3dgraphicsprogramming\d3d11projects\d3dengine\source\bsp_pvs_compiler\compiler source\CBSPTree.h(183): warning C4267: 'return': conversion from 'size_t' to 'unsigned long', possible loss of data
g:\documenti\googledrive\d3dgraphicsprogramming\d3d11projects\d3dengine\source\bsp_pvs_compiler\compiler source\CBSPTree.h(184): warning C4267: 'return': conversion from 'size_t' to 'unsigned long', possible loss of data
g:\documenti\googledrive\d3dgraphicsprogramming\d3d11projects\d3dengine\source\bsp_pvs_compiler\compiler source\CBSPTree.h(185): warning C4267: 'return': conversion from 'size_t' to 'unsigned long', possible loss of data
g:\documenti\googledrive\d3dgraphicsprogramming\d3d11projects\d3dengine\source\bsp_pvs_compiler\compiler source\CBSPTree.h(186): warning C4267: 'return': conversion from 'size_t' to 'unsigned long', possible loss of data
g:\documenti\googledrive\d3dgraphicsprogramming\d3d11projects\d3dengine\source\bsp_pvs_compiler\compiler source\CBSPTree.h(187): warning C4267: 'return': conversion from 'size_t' to 'unsigned long', possible loss of data
Compiler Source\ProcessPVS.cpp(1097): warning C4244: 'return': conversion from '__int64' to 'ULONG', possible loss of data
  ProcessTJR.cpp
  ParserMapFile.cpp
  ParserStructures.cpp
Map Parser Source\ParserStructures.cpp(111): warning C4996: 'strcpy': This function or variable may be unsafe. Consider using strcpy_s instead. To disable deprecation, use _CRT_SECURE_NO_WARNINGS. See online help for details.
  C:\Program Files (x86)\Windows Kits\10\Include\10.0.10240.0\ucrt\string.h(119): note: see declaration of 'strcpy'
Map Parser Source\ParserStructures.cpp(292): warning C4996: 'strcpy': This function or variable may be unsafe. Consider using strcpy_s instead. To disable deprecation, use _CRT_SECURE_NO_WARNINGS. See online help for details.
  C:\Program Files (x86)\Windows Kits\10\Include\10.0.10240.0\ucrt\string.h(119): note: see declaration of 'strcpy'
Map Parser Source\ParserStructures.cpp(306): warning C4996: 'strcpy': This function or variable may be unsafe. Consider using strcpy_s instead. To disable deprecation, use _CRT_SECURE_NO_WARNINGS. See online help for details.
  C:\Program Files (x86)\Windows Kits\10\Include\10.0.10240.0\ucrt\string.h(119): note: see declaration of 'strcpy'
  WAD3.cpp
  CBounds.cpp
  CMatrix.cpp
  CPlane.cpp
  CVector.cpp
MSVCRT.lib(exe_main.obj) : error LNK2001: unresolved external symbol main
G:\Documenti\GoogleDrive\D3DGraphicsProgramming\D3D11Projects\D3DEngine\build\x64\Release\BSP_PVS_Compiler.exe : fatal error LNK1120: 1 unresolved externals
