  LogOutput.cpp
  Main.cpp
  CBSPTree.cpp
  CCompiler.cpp
  CLevelFile.cpp
  CompilerTypes.cpp
  ProcessESR.cpp
  ProcessHSR.cpp
  ProcessPRT.cpp
  ProcessPVS.cpp
  ProcessTJR.cpp
  BSP.cpp
  Image.cpp
  Platform.cpp
  TexturePacker.cpp
  Vector.cpp
  ParserMapFile.cpp
  ParserStructures.cpp
  WAD3.cpp
  CBounds.cpp
  Compiling...
  CCollision.cpp
  CMatrix.cpp
  CPlane.cpp
  CVector.cpp
  Generating code
  All 1641 functions were compiled because no usable IPDB/IOBJ from previous compilation was found.
  Finished generating code
  BSP_PVS_Compiler.vcxproj -> G:\Documenti\GoogleDrive\D3DGraphicsProgramming\D3D11Projects\D3DEngine\build\Release\BSP_PVS_Compiler.exe
  BSP_PVS_Compiler.vcxproj -> G:\Documenti\GoogleDrive\D3DGraphicsProgramming\D3D11Projects\D3DEngine\build\Release\BSP_PVS_Compiler.pdb (Full PDB)
