  A subdirectory or file C:\Users\htcVive\Google Drive\D3DGraphicsProgramming\D3D11Projects\D3DEngine\build\x64\DebugLab\Content already exists.
  C:\Users\htcVive\Google Drive\D3DGraphicsProgramming\D3D11Projects\D3DEngine\build\..\content\test.bsp
  C:\Users\htcVive\Google Drive\D3DGraphicsProgramming\D3D11Projects\D3DEngine\build\..\content\Fonts\Arial_11_Regular.spritefont
  C:\Users\htcVive\Google Drive\D3DGraphicsProgramming\D3D11Projects\D3DEngine\build\..\content\Fonts\Arial_14_Regular.spritefont
  C:\Users\htcVive\Google Drive\D3DGraphicsProgramming\D3D11Projects\D3DEngine\build\..\content\Shaders\ColorPS.cso
  C:\Users\htcVive\Google Drive\D3DGraphicsProgramming\D3D11Projects\D3DEngine\build\..\content\Shaders\ColorPS.hlsl
  C:\Users\htcVive\Google Drive\D3DGraphicsProgramming\D3D11Projects\D3DEngine\build\..\content\Shaders\ColorVS.cso
  C:\Users\htcVive\Google Drive\D3DGraphicsProgramming\D3D11Projects\D3DEngine\build\..\content\Shaders\ColorVS.hlsl
  C:\Users\htcVive\Google Drive\D3DGraphicsProgramming\D3D11Projects\D3DEngine\build\..\content\Shaders\FixedColorPS.cso
  C:\Users\htcVive\Google Drive\D3DGraphicsProgramming\D3D11Projects\D3DEngine\build\..\content\Shaders\FixedColorPS.hlsl
  C:\Users\htcVive\Google Drive\D3DGraphicsProgramming\D3D11Projects\D3DEngine\build\..\content\Shaders\FixedColorVS.cso
  C:\Users\htcVive\Google Drive\D3DGraphicsProgramming\D3D11Projects\D3DEngine\build\..\content\Shaders\FixedColorVS.hlsl
  C:\Users\htcVive\Google Drive\D3DGraphicsProgramming\D3D11Projects\D3DEngine\build\..\content\Shaders\SkyboxPS.cso
  C:\Users\htcVive\Google Drive\D3DGraphicsProgramming\D3D11Projects\D3DEngine\build\..\content\Shaders\SkyboxPS.hlsl
  C:\Users\htcVive\Google Drive\D3DGraphicsProgramming\D3D11Projects\D3DEngine\build\..\content\Shaders\SkyboxVS.cso
  C:\Users\htcVive\Google Drive\D3DGraphicsProgramming\D3D11Projects\D3DEngine\build\..\content\Shaders\SkyboxVS.hlsl
  C:\Users\htcVive\Google Drive\D3DGraphicsProgramming\D3D11Projects\D3DEngine\build\..\content\Shaders\TexturePS.cso
  C:\Users\htcVive\Google Drive\D3DGraphicsProgramming\D3D11Projects\D3DEngine\build\..\content\Shaders\TexturePS.hlsl
  C:\Users\htcVive\Google Drive\D3DGraphicsProgramming\D3D11Projects\D3DEngine\build\..\content\Shaders\TextureVS.cso
  C:\Users\htcVive\Google Drive\D3DGraphicsProgramming\D3D11Projects\D3DEngine\build\..\content\Shaders\TextureVS.hlsl
  C:\Users\htcVive\Google Drive\D3DGraphicsProgramming\D3D11Projects\D3DEngine\build\..\content\Textures\Checkerboard.dds
  C:\Users\htcVive\Google Drive\D3DGraphicsProgramming\D3D11Projects\D3DEngine\build\..\content\Textures\Checkerboard.png
  C:\Users\htcVive\Google Drive\D3DGraphicsProgramming\D3D11Projects\D3DEngine\build\..\content\Textures\Maskonaive2_1024.dds
  C:\Users\htcVive\Google Drive\D3DGraphicsProgramming\D3D11Projects\D3DEngine\build\..\content\Textures\snowcube1024.dds
  23 File(s) copied
  0 File(s) copied
  C:\Users\htcVive\Google Drive\D3DGraphicsProgramming\D3D11Projects\D3DEngine\source\Application\..\BSP_PVS_Compiler\Content\Bsp\test.bsp
  1 File(s) copied
  Application.vcxproj -> C:\Users\htcVive\Google Drive\D3DGraphicsProgramming\D3D11Projects\D3DEngine\build\x64\DebugLab\Application.exe
  Application.vcxproj -> C:\Users\htcVive\Google Drive\D3DGraphicsProgramming\D3D11Projects\D3DEngine\build\x64\DebugLab\Application.pdb (Full PDB)
