  ColorShader.cpp
  Library.vcxproj -> C:\Users\htcVive\Downloads\Varie\GDrive\D3DGraphicsProgramming\D3D11Projects\baseProject\build\x64\ReleaseLab\Library.lib
  A subdirectory or file C:\Users\htcVive\Downloads\Varie\GDrive\D3DGraphicsProgramming\D3D11Projects\baseProject\build\..\lib\ already exists.
          1 file(s) copied.
  A subdirectory or file C:\Users\htcVive\Downloads\Varie\GDrive\D3DGraphicsProgramming\D3D11Projects\baseProject\build\..\content\ already exists.
  C:\Users\htcVive\Downloads\Varie\GDrive\D3DGraphicsProgramming\D3D11Projects\baseProject\source\Library\Content\Fonts\Arial_11_Regular.spritefont
  C:\Users\htcVive\Downloads\Varie\GDrive\D3DGraphicsProgramming\D3D11Projects\baseProject\source\Library\Content\Fonts\Arial_14_Regular.spritefont
  C:\Users\htcVive\Downloads\Varie\GDrive\D3DGraphicsProgramming\D3D11Projects\baseProject\source\Library\Content\Shaders\ColorPS.hlsl
  C:\Users\htcVive\Downloads\Varie\GDrive\D3DGraphicsProgramming\D3D11Projects\baseProject\source\Library\Content\Shaders\ColorVS.hlsl
  C:\Users\htcVive\Downloads\Varie\GDrive\D3DGraphicsProgramming\D3D11Projects\baseProject\source\Library\Content\Shaders\FixedColorPS.hlsl
  C:\Users\htcVive\Downloads\Varie\GDrive\D3DGraphicsProgramming\D3D11Projects\baseProject\source\Library\Content\Shaders\FixedColorVS.hlsl
  C:\Users\htcVive\Downloads\Varie\GDrive\D3DGraphicsProgramming\D3D11Projects\baseProject\source\Library\Content\Shaders\SkyboxPS.hlsl
  C:\Users\htcVive\Downloads\Varie\GDrive\D3DGraphicsProgramming\D3D11Projects\baseProject\source\Library\Content\Shaders\SkyboxVS.hlsl
  C:\Users\htcVive\Downloads\Varie\GDrive\D3DGraphicsProgramming\D3D11Projects\baseProject\source\Library\Content\Shaders\TexturePS.hlsl
  C:\Users\htcVive\Downloads\Varie\GDrive\D3DGraphicsProgramming\D3D11Projects\baseProject\source\Library\Content\Shaders\TextureVS.hlsl
  C:\Users\htcVive\Downloads\Varie\GDrive\D3DGraphicsProgramming\D3D11Projects\baseProject\source\Library\Content\Textures\Checkerboard.png
  C:\Users\htcVive\Downloads\Varie\GDrive\D3DGraphicsProgramming\D3D11Projects\baseProject\source\Library\Content\Textures\Maskonaive2_1024.dds
  C:\Users\htcVive\Downloads\Varie\GDrive\D3DGraphicsProgramming\D3D11Projects\baseProject\source\Library\Content\Textures\snowcube1024.dds
  13 File(s) copied
  C:\Users\htcVive\Downloads\Varie\GDrive\D3DGraphicsProgramming\D3D11Projects\baseProject\build\x64\ReleaseLab\Content\Fonts\Arial_11_Regular.spritefont
  C:\Users\htcVive\Downloads\Varie\GDrive\D3DGraphicsProgramming\D3D11Projects\baseProject\build\x64\ReleaseLab\Content\Fonts\Arial_14_Regular.spritefont
  C:\Users\htcVive\Downloads\Varie\GDrive\D3DGraphicsProgramming\D3D11Projects\baseProject\build\x64\ReleaseLab\Content\Shaders\ColorPS.cso
  C:\Users\htcVive\Downloads\Varie\GDrive\D3DGraphicsProgramming\D3D11Projects\baseProject\build\x64\ReleaseLab\Content\Shaders\ColorPS.hlsl
  C:\Users\htcVive\Downloads\Varie\GDrive\D3DGraphicsProgramming\D3D11Projects\baseProject\build\x64\ReleaseLab\Content\Shaders\ColorVS.cso
  C:\Users\htcVive\Downloads\Varie\GDrive\D3DGraphicsProgramming\D3D11Projects\baseProject\build\x64\ReleaseLab\Content\Shaders\ColorVS.hlsl
  C:\Users\htcVive\Downloads\Varie\GDrive\D3DGraphicsProgramming\D3D11Projects\baseProject\build\x64\ReleaseLab\Content\Shaders\FixedColorPS.cso
  C:\Users\htcVive\Downloads\Varie\GDrive\D3DGraphicsProgramming\D3D11Projects\baseProject\build\x64\ReleaseLab\Content\Shaders\FixedColorPS.hlsl
  C:\Users\htcVive\Downloads\Varie\GDrive\D3DGraphicsProgramming\D3D11Projects\baseProject\build\x64\ReleaseLab\Content\Shaders\FixedColorVS.cso
  C:\Users\htcVive\Downloads\Varie\GDrive\D3DGraphicsProgramming\D3D11Projects\baseProject\build\x64\ReleaseLab\Content\Shaders\FixedColorVS.hlsl
  C:\Users\htcVive\Downloads\Varie\GDrive\D3DGraphicsProgramming\D3D11Projects\baseProject\build\x64\ReleaseLab\Content\Shaders\SkyboxPS.cso
  C:\Users\htcVive\Downloads\Varie\GDrive\D3DGraphicsProgramming\D3D11Projects\baseProject\build\x64\ReleaseLab\Content\Shaders\SkyboxPS.hlsl
  C:\Users\htcVive\Downloads\Varie\GDrive\D3DGraphicsProgramming\D3D11Projects\baseProject\build\x64\ReleaseLab\Content\Shaders\SkyboxVS.cso
  C:\Users\htcVive\Downloads\Varie\GDrive\D3DGraphicsProgramming\D3D11Projects\baseProject\build\x64\ReleaseLab\Content\Shaders\SkyboxVS.hlsl
  C:\Users\htcVive\Downloads\Varie\GDrive\D3DGraphicsProgramming\D3D11Projects\baseProject\build\x64\ReleaseLab\Content\Shaders\TexturePS.cso
  C:\Users\htcVive\Downloads\Varie\GDrive\D3DGraphicsProgramming\D3D11Projects\baseProject\build\x64\ReleaseLab\Content\Shaders\TexturePS.hlsl
  C:\Users\htcVive\Downloads\Varie\GDrive\D3DGraphicsProgramming\D3D11Projects\baseProject\build\x64\ReleaseLab\Content\Shaders\TextureVS.cso
  C:\Users\htcVive\Downloads\Varie\GDrive\D3DGraphicsProgramming\D3D11Projects\baseProject\build\x64\ReleaseLab\Content\Shaders\TextureVS.hlsl
  C:\Users\htcVive\Downloads\Varie\GDrive\D3DGraphicsProgramming\D3D11Projects\baseProject\build\x64\ReleaseLab\Content\Textures\Checkerboard.dds
  C:\Users\htcVive\Downloads\Varie\GDrive\D3DGraphicsProgramming\D3D11Projects\baseProject\build\x64\ReleaseLab\Content\Textures\Checkerboard.png
  C:\Users\htcVive\Downloads\Varie\GDrive\D3DGraphicsProgramming\D3D11Projects\baseProject\build\x64\ReleaseLab\Content\Textures\Maskonaive2_1024.dds
  C:\Users\htcVive\Downloads\Varie\GDrive\D3DGraphicsProgramming\D3D11Projects\baseProject\build\x64\ReleaseLab\Content\Textures\snowcube1024.dds
  22 File(s) copied
