c:\users\htcvive\google drive\d3dgraphicsprogramming\d3d11projects\d3dengine\source\library\x64\debuglab\library.pdb
c:\users\htcvive\google drive\d3dgraphicsprogramming\d3d11projects\d3dengine\source\library\x64\debuglab\library.idb
c:\users\htcvive\google drive\d3dgraphicsprogramming\d3d11projects\d3dengine\source\library\x64\debuglab\mathutility.obj
c:\users\htcvive\google drive\d3dgraphicsprogramming\d3d11projects\d3dengine\source\library\x64\debuglab\matrixhelper.obj
c:\users\htcvive\google drive\d3dgraphicsprogramming\d3d11projects\d3dengine\source\library\x64\debuglab\mesh.obj
c:\users\htcvive\google drive\d3dgraphicsprogramming\d3d11projects\d3dengine\source\library\x64\debuglab\model.obj
c:\users\htcvive\google drive\d3dgraphicsprogramming\d3d11projects\d3dengine\source\library\x64\debuglab\modelmaterial.obj
c:\users\htcvive\google drive\d3dgraphicsprogramming\d3d11projects\d3dengine\source\library\x64\debuglab\mousecomponent.obj
c:\users\htcvive\google drive\d3dgraphicsprogramming\d3d11projects\d3dengine\source\library\x64\debuglab\colorshader.obj
c:\users\htcvive\google drive\d3dgraphicsprogramming\d3d11projects\d3dengine\source\library\x64\debuglab\polygon.obj
c:\users\htcvive\google drive\d3dgraphicsprogramming\d3d11projects\d3dengine\source\library\x64\debuglab\renderstatehelper.obj
c:\users\htcvive\google drive\d3dgraphicsprogramming\d3d11projects\d3dengine\source\library\x64\debuglab\scene.obj
c:\users\htcvive\google drive\d3dgraphicsprogramming\d3d11projects\d3dengine\source\library\x64\debuglab\servicecontainer.obj
c:\users\htcvive\google drive\d3dgraphicsprogramming\d3d11projects\d3dengine\source\library\x64\debuglab\skyboxcomponent.obj
c:\users\htcvive\google drive\d3dgraphicsprogramming\d3d11projects\d3dengine\source\library\x64\debuglab\skyboxmaterial.obj
c:\users\htcvive\google drive\d3dgraphicsprogramming\d3d11projects\d3dengine\source\library\x64\debuglab\skyboxshader.obj
c:\users\htcvive\google drive\d3dgraphicsprogramming\d3d11projects\d3dengine\source\library\x64\debuglab\textureshader.obj
c:\users\htcvive\google drive\d3dgraphicsprogramming\d3d11projects\d3dengine\source\library\x64\debuglab\timer.obj
c:\users\htcvive\google drive\d3dgraphicsprogramming\d3d11projects\d3dengine\source\library\x64\debuglab\mathhelper.obj
c:\users\htcvive\google drive\d3dgraphicsprogramming\d3d11projects\d3dengine\source\library\x64\debuglab\trianglecomponent.obj
c:\users\htcvive\google drive\d3dgraphicsprogramming\d3d11projects\d3dengine\source\library\x64\debuglab\utility.obj
c:\users\htcvive\google drive\d3dgraphicsprogramming\d3d11projects\d3dengine\source\library\x64\debuglab\vectorhelper.obj
c:\users\htcvive\google drive\d3dgraphicsprogramming\d3d11projects\d3dengine\source\library\x64\debuglab\basicmaterial.obj
c:\users\htcvive\google drive\d3dgraphicsprogramming\d3d11projects\d3dengine\source\library\x64\debuglab\basicmaterialfixedcolor.obj
c:\users\htcvive\google drive\d3dgraphicsprogramming\d3d11projects\d3dengine\source\library\x64\debuglab\basicmaterialtexture.obj
c:\users\htcvive\google drive\d3dgraphicsprogramming\d3d11projects\d3dengine\source\library\x64\debuglab\bsptree.obj
c:\users\htcvive\google drive\d3dgraphicsprogramming\d3d11projects\d3dengine\source\library\x64\debuglab\cameracomponent.obj
c:\users\htcvive\google drive\d3dgraphicsprogramming\d3d11projects\d3dengine\source\library\x64\debuglab\collision.obj
c:\users\htcvive\google drive\d3dgraphicsprogramming\d3d11projects\d3dengine\source\library\x64\debuglab\colorhelper.obj
c:\users\htcvive\google drive\d3dgraphicsprogramming\d3d11projects\d3dengine\source\library\x64\debuglab\cpuusagecomponent.obj
c:\users\htcvive\google drive\d3dgraphicsprogramming\d3d11projects\d3dengine\source\library\x64\debuglab\d3dapp.obj
c:\users\htcvive\google drive\d3dgraphicsprogramming\d3d11projects\d3dengine\source\library\x64\debuglab\drawablecomponent.obj
c:\users\htcvive\google drive\d3dgraphicsprogramming\d3d11projects\d3dengine\source\library\x64\debuglab\d3dappexception.obj
c:\users\htcvive\google drive\d3dgraphicsprogramming\d3d11projects\d3dengine\source\library\x64\debuglab\component.obj
c:\users\htcvive\google drive\d3dgraphicsprogramming\d3d11projects\d3dengine\source\library\x64\debuglab\firstpersoncameracomponent.obj
c:\users\htcvive\google drive\d3dgraphicsprogramming\d3d11projects\d3dengine\source\library\x64\debuglab\fixedcolorshader.obj
c:\users\htcvive\google drive\d3dgraphicsprogramming\d3d11projects\d3dengine\source\library\x64\debuglab\fpscomponent.obj
c:\users\htcvive\google drive\d3dgraphicsprogramming\d3d11projects\d3dengine\source\library\x64\debuglab\gridcomponent.obj
c:\users\htcvive\google drive\d3dgraphicsprogramming\d3d11projects\d3dengine\source\library\x64\debuglab\gridtexturecomponent.obj
c:\users\htcvive\google drive\d3dgraphicsprogramming\d3d11projects\d3dengine\source\library\x64\debuglab\keyboardcomponent.obj
c:\users\htcvive\google drive\d3dgraphicsprogramming\d3d11projects\d3dengine\source\library\x64\debuglab\material.obj
c:\users\htcvive\google drive\d3dgraphicsprogramming\d3d11projects\d3dengine\build\x64\debuglab\content\shaders\colorps.cso
c:\users\htcvive\google drive\d3dgraphicsprogramming\d3d11projects\d3dengine\build\x64\debuglab\content\shaders\colorvs.cso
c:\users\htcvive\google drive\d3dgraphicsprogramming\d3d11projects\d3dengine\build\x64\debuglab\content\shaders\fixedcolorps.cso
c:\users\htcvive\google drive\d3dgraphicsprogramming\d3d11projects\d3dengine\build\x64\debuglab\content\shaders\fixedcolorvs.cso
c:\users\htcvive\google drive\d3dgraphicsprogramming\d3d11projects\d3dengine\build\x64\debuglab\content\shaders\skyboxps.cso
c:\users\htcvive\google drive\d3dgraphicsprogramming\d3d11projects\d3dengine\build\x64\debuglab\content\shaders\skyboxvs.cso
c:\users\htcvive\google drive\d3dgraphicsprogramming\d3d11projects\d3dengine\build\x64\debuglab\content\shaders\textureps.cso
c:\users\htcvive\google drive\d3dgraphicsprogramming\d3d11projects\d3dengine\build\x64\debuglab\content\shaders\texturevs.cso
c:\users\htcvive\google drive\d3dgraphicsprogramming\d3d11projects\d3dengine\build\x64\debuglab\libraryd.lib
c:\users\htcvive\google drive\d3dgraphicsprogramming\d3d11projects\d3dengine\source\library\x64\debuglab\library.tlog\cl.command.1.tlog
c:\users\htcvive\google drive\d3dgraphicsprogramming\d3d11projects\d3dengine\source\library\x64\debuglab\library.tlog\cl.read.1.tlog
c:\users\htcvive\google drive\d3dgraphicsprogramming\d3d11projects\d3dengine\source\library\x64\debuglab\library.tlog\cl.write.1.tlog
c:\users\htcvive\google drive\d3dgraphicsprogramming\d3d11projects\d3dengine\source\library\x64\debuglab\library.tlog\fxc.command.1.tlog
c:\users\htcvive\google drive\d3dgraphicsprogramming\d3d11projects\d3dengine\source\library\x64\debuglab\library.tlog\fxc.read.1.tlog
c:\users\htcvive\google drive\d3dgraphicsprogramming\d3d11projects\d3dengine\source\library\x64\debuglab\library.tlog\fxc.write.1.tlog
c:\users\htcvive\google drive\d3dgraphicsprogramming\d3d11projects\d3dengine\source\library\x64\debuglab\library.tlog\lib-link.read.1.tlog
c:\users\htcvive\google drive\d3dgraphicsprogramming\d3d11projects\d3dengine\source\library\x64\debuglab\library.tlog\lib-link.write.1.tlog
c:\users\htcvive\google drive\d3dgraphicsprogramming\d3d11projects\d3dengine\source\library\x64\debuglab\library.tlog\lib.command.1.tlog
c:\users\htcvive\google drive\d3dgraphicsprogramming\d3d11projects\d3dengine\source\library\x64\debuglab\library.tlog\library.write.1u.tlog
