  A subdirectory or file C:\Users\htcVive\Downloads\Varie\GDrive\D3DGraphicsProgramming\D3D11Projects\baseProject\build\x64\ReleaseLab\Content already exists.
  C:\Users\htcVive\Downloads\Varie\GDrive\D3DGraphicsProgramming\D3D11Projects\baseProject\build\..\content\Fonts\Arial_11_Regular.spritefont
  C:\Users\htcVive\Downloads\Varie\GDrive\D3DGraphicsProgramming\D3D11Projects\baseProject\build\..\content\Fonts\Arial_14_Regular.spritefont
  C:\Users\htcVive\Downloads\Varie\GDrive\D3DGraphicsProgramming\D3D11Projects\baseProject\build\..\content\Shaders\ColorPS.cso
  C:\Users\htcVive\Downloads\Varie\GDrive\D3DGraphicsProgramming\D3D11Projects\baseProject\build\..\content\Shaders\ColorPS.hlsl
  C:\Users\htcVive\Downloads\Varie\GDrive\D3DGraphicsProgramming\D3D11Projects\baseProject\build\..\content\Shaders\ColorVS.cso
  C:\Users\htcVive\Downloads\Varie\GDrive\D3DGraphicsProgramming\D3D11Projects\baseProject\build\..\content\Shaders\ColorVS.hlsl
  C:\Users\htcVive\Downloads\Varie\GDrive\D3DGraphicsProgramming\D3D11Projects\baseProject\build\..\content\Shaders\FixedColorPS.cso
  C:\Users\htcVive\Downloads\Varie\GDrive\D3DGraphicsProgramming\D3D11Projects\baseProject\build\..\content\Shaders\FixedColorPS.hlsl
  C:\Users\htcVive\Downloads\Varie\GDrive\D3DGraphicsProgramming\D3D11Projects\baseProject\build\..\content\Shaders\FixedColorVS.cso
  C:\Users\htcVive\Downloads\Varie\GDrive\D3DGraphicsProgramming\D3D11Projects\baseProject\build\..\content\Shaders\FixedColorVS.hlsl
  C:\Users\htcVive\Downloads\Varie\GDrive\D3DGraphicsProgramming\D3D11Projects\baseProject\build\..\content\Shaders\SkyboxPS.cso
  C:\Users\htcVive\Downloads\Varie\GDrive\D3DGraphicsProgramming\D3D11Projects\baseProject\build\..\content\Shaders\SkyboxPS.hlsl
  C:\Users\htcVive\Downloads\Varie\GDrive\D3DGraphicsProgramming\D3D11Projects\baseProject\build\..\content\Shaders\SkyboxVS.cso
  C:\Users\htcVive\Downloads\Varie\GDrive\D3DGraphicsProgramming\D3D11Projects\baseProject\build\..\content\Shaders\SkyboxVS.hlsl
  C:\Users\htcVive\Downloads\Varie\GDrive\D3DGraphicsProgramming\D3D11Projects\baseProject\build\..\content\Shaders\TexturePS.cso
  C:\Users\htcVive\Downloads\Varie\GDrive\D3DGraphicsProgramming\D3D11Projects\baseProject\build\..\content\Shaders\TexturePS.hlsl
  C:\Users\htcVive\Downloads\Varie\GDrive\D3DGraphicsProgramming\D3D11Projects\baseProject\build\..\content\Shaders\TextureVS.cso
  C:\Users\htcVive\Downloads\Varie\GDrive\D3DGraphicsProgramming\D3D11Projects\baseProject\build\..\content\Shaders\TextureVS.hlsl
  C:\Users\htcVive\Downloads\Varie\GDrive\D3DGraphicsProgramming\D3D11Projects\baseProject\build\..\content\Textures\Checkerboard.dds
  C:\Users\htcVive\Downloads\Varie\GDrive\D3DGraphicsProgramming\D3D11Projects\baseProject\build\..\content\Textures\Checkerboard.png
  C:\Users\htcVive\Downloads\Varie\GDrive\D3DGraphicsProgramming\D3D11Projects\baseProject\build\..\content\Textures\Maskonaive2_1024.dds
  C:\Users\htcVive\Downloads\Varie\GDrive\D3DGraphicsProgramming\D3D11Projects\baseProject\build\..\content\Textures\snowcube1024.dds
  22 File(s) copied
  0 File(s) copied
  Generating code
  1861 of 2071 functions (89.9%) were compiled, the rest were copied from previous compilation.
    21 functions were new in current compilation
    4 functions had inline decision re-evaluated but remain unchanged
  Finished generating code
  Application.vcxproj -> C:\Users\htcVive\Downloads\Varie\GDrive\D3DGraphicsProgramming\D3D11Projects\baseProject\build\x64\ReleaseLab\Application.exe
  Application.vcxproj -> C:\Users\htcVive\Downloads\Varie\GDrive\D3DGraphicsProgramming\D3D11Projects\baseProject\build\x64\ReleaseLab\Application.pdb (Full PDB)
