Image.obj : error LNK2019: unresolved external symbol jpeg_std_error referenced in function "public: bool __cdecl Image::loadJPEG(char const *)" (?loadJPEG@Image@@QEAA_NPEBD@Z)
Image.obj : error LNK2019: unresolved external symbol jpeg_CreateCompress referenced in function "public: bool __cdecl Image::saveJPEG(char const *,int)" (?saveJPEG@Image@@QEAA_NPEBDH@Z)
Image.obj : error LNK2019: unresolved external symbol jpeg_CreateDecompress referenced in function "public: bool __cdecl Image::loadJPEG(char const *)" (?loadJPEG@Image@@QEAA_NPEBD@Z)
Image.obj : error LNK2019: unresolved external symbol jpeg_destroy_compress referenced in function "public: bool __cdecl Image::saveJPEG(char const *,int)" (?saveJPEG@Image@@QEAA_NPEBDH@Z)
Image.obj : error LNK2019: unresolved external symbol jpeg_destroy_decompress referenced in function "public: bool __cdecl Image::loadJPEG(char const *)" (?loadJPEG@Image@@QEAA_NPEBD@Z)
Image.obj : error LNK2019: unresolved external symbol jpeg_stdio_dest referenced in function "public: bool __cdecl Image::saveJPEG(char const *,int)" (?saveJPEG@Image@@QEAA_NPEBDH@Z)
Image.obj : error LNK2019: unresolved external symbol jpeg_stdio_src referenced in function "public: bool __cdecl Image::loadJPEG(char const *)" (?loadJPEG@Image@@QEAA_NPEBD@Z)
Image.obj : error LNK2019: unresolved external symbol jpeg_set_defaults referenced in function "public: bool __cdecl Image::saveJPEG(char const *,int)" (?saveJPEG@Image@@QEAA_NPEBDH@Z)
Image.obj : error LNK2019: unresolved external symbol jpeg_set_quality referenced in function "public: bool __cdecl Image::saveJPEG(char const *,int)" (?saveJPEG@Image@@QEAA_NPEBDH@Z)
Image.obj : error LNK2019: unresolved external symbol jpeg_start_compress referenced in function "public: bool __cdecl Image::saveJPEG(char const *,int)" (?saveJPEG@Image@@QEAA_NPEBDH@Z)
Image.obj : error LNK2019: unresolved external symbol jpeg_write_scanlines referenced in function "public: bool __cdecl Image::saveJPEG(char const *,int)" (?saveJPEG@Image@@QEAA_NPEBDH@Z)
Image.obj : error LNK2019: unresolved external symbol jpeg_finish_compress referenced in function "public: bool __cdecl Image::saveJPEG(char const *,int)" (?saveJPEG@Image@@QEAA_NPEBDH@Z)
Image.obj : error LNK2019: unresolved external symbol jpeg_read_header referenced in function "public: bool __cdecl Image::loadJPEG(char const *)" (?loadJPEG@Image@@QEAA_NPEBD@Z)
Image.obj : error LNK2019: unresolved external symbol jpeg_start_decompress referenced in function "public: bool __cdecl Image::loadJPEG(char const *)" (?loadJPEG@Image@@QEAA_NPEBD@Z)
Image.obj : error LNK2019: unresolved external symbol jpeg_read_scanlines referenced in function "public: bool __cdecl Image::loadJPEG(char const *)" (?loadJPEG@Image@@QEAA_NPEBD@Z)
Image.obj : error LNK2019: unresolved external symbol jpeg_finish_decompress referenced in function "public: bool __cdecl Image::loadJPEG(char const *)" (?loadJPEG@Image@@QEAA_NPEBD@Z)
Image.obj : error LNK2019: unresolved external symbol png_set_sig_bytes referenced in function "public: bool __cdecl Image::loadPNG(char const *)" (?loadPNG@Image@@QEAA_NPEBD@Z)
Image.obj : error LNK2019: unresolved external symbol png_check_sig referenced in function "public: bool __cdecl Image::loadPNG(char const *)" (?loadPNG@Image@@QEAA_NPEBD@Z)
Image.obj : error LNK2019: unresolved external symbol png_create_read_struct_2 referenced in function "public: bool __cdecl Image::loadPNG(char const *)" (?loadPNG@Image@@QEAA_NPEBD@Z)
Image.obj : error LNK2019: unresolved external symbol png_create_write_struct_2 referenced in function "public: bool __cdecl Image::savePNG(char const *)" (?savePNG@Image@@QEAA_NPEBD@Z)
Image.obj : error LNK2019: unresolved external symbol png_create_info_struct referenced in function "public: bool __cdecl Image::loadPNG(char const *)" (?loadPNG@Image@@QEAA_NPEBD@Z)
Image.obj : error LNK2019: unresolved external symbol png_write_info referenced in function "public: bool __cdecl Image::savePNG(char const *)" (?savePNG@Image@@QEAA_NPEBD@Z)
Image.obj : error LNK2019: unresolved external symbol png_read_info referenced in function "public: bool __cdecl Image::loadPNG(char const *)" (?loadPNG@Image@@QEAA_NPEBD@Z)
Image.obj : error LNK2019: unresolved external symbol png_read_image referenced in function "public: bool __cdecl Image::loadPNG(char const *)" (?loadPNG@Image@@QEAA_NPEBD@Z)
Image.obj : error LNK2019: unresolved external symbol png_write_row referenced in function "public: bool __cdecl Image::savePNG(char const *)" (?savePNG@Image@@QEAA_NPEBD@Z)
Image.obj : error LNK2019: unresolved external symbol png_write_end referenced in function "public: bool __cdecl Image::savePNG(char const *)" (?savePNG@Image@@QEAA_NPEBD@Z)
Image.obj : error LNK2019: unresolved external symbol png_read_end referenced in function "public: bool __cdecl Image::loadPNG(char const *)" (?loadPNG@Image@@QEAA_NPEBD@Z)
Image.obj : error LNK2019: unresolved external symbol png_destroy_read_struct referenced in function "public: bool __cdecl Image::loadPNG(char const *)" (?loadPNG@Image@@QEAA_NPEBD@Z)
Image.obj : error LNK2019: unresolved external symbol png_destroy_write_struct referenced in function "public: bool __cdecl Image::savePNG(char const *)" (?savePNG@Image@@QEAA_NPEBD@Z)
Image.obj : error LNK2019: unresolved external symbol png_set_write_fn referenced in function "public: bool __cdecl Image::savePNG(char const *)" (?savePNG@Image@@QEAA_NPEBD@Z)
Image.obj : error LNK2019: unresolved external symbol png_set_read_fn referenced in function "public: bool __cdecl Image::loadPNG(char const *)" (?loadPNG@Image@@QEAA_NPEBD@Z)
Image.obj : error LNK2019: unresolved external symbol png_get_io_ptr referenced in function "void __cdecl user_flush_data(struct png_struct_def *)" (?user_flush_data@@YAXPEAUpng_struct_def@@@Z)
Image.obj : error LNK2019: unresolved external symbol png_get_channels referenced in function "public: bool __cdecl Image::loadPNG(char const *)" (?loadPNG@Image@@QEAA_NPEBD@Z)
Image.obj : error LNK2019: unresolved external symbol png_get_IHDR referenced in function "public: bool __cdecl Image::loadPNG(char const *)" (?loadPNG@Image@@QEAA_NPEBD@Z)
Image.obj : error LNK2019: unresolved external symbol png_set_IHDR referenced in function "public: bool __cdecl Image::savePNG(char const *)" (?savePNG@Image@@QEAA_NPEBD@Z)
Image.obj : error LNK2019: unresolved external symbol png_get_PLTE referenced in function "public: bool __cdecl Image::loadPNG(char const *)" (?loadPNG@Image@@QEAA_NPEBD@Z)
G:\Documenti\GoogleDrive\D3DGraphicsProgramming\D3D11Projects\D3DEngine\source\LightMapper\Libs\libjpeg.lib : warning LNK4272: library machine type 'X86' conflicts with target machine type 'x64'
G:\Documenti\GoogleDrive\D3DGraphicsProgramming\D3D11Projects\D3DEngine\source\LightMapper\Libs\libpng.lib : warning LNK4272: library machine type 'X86' conflicts with target machine type 'x64'
G:\Documenti\GoogleDrive\D3DGraphicsProgramming\D3D11Projects\D3DEngine\source\LightMapper\Libs\zlib.lib : warning LNK4272: library machine type 'X86' conflicts with target machine type 'x64'
Libs/libjpeg.lib : warning LNK4272: library machine type 'X86' conflicts with target machine type 'x64'
Libs/libpng.lib : warning LNK4272: library machine type 'X86' conflicts with target machine type 'x64'
Libs/zlib.lib : warning LNK4272: library machine type 'X86' conflicts with target machine type 'x64'
G:\Documenti\GoogleDrive\D3DGraphicsProgramming\D3D11Projects\D3DEngine\build\x64\Debug\LightMapper.exe : fatal error LNK1120: 36 unresolved externals
